<?xml version="1.0" encoding="UTF-8"?>
<!-- Generated by org.testng.reporters.JUnitReportReporter -->
<testsuite hostname="LTIN511301" failures="0" tests="20" name="testClass.TestCases" time="223.641" errors="0" timestamp="2024-05-16T15:13:52 IST" skipped="0">
  <testcase classname="testClass.TestCases" name="goToUpcomingBikes" time="31.745"/>
  <testcase classname="testClass.TestCases" name="goToUpcomingBikes" time="36.787"/>
  <testcase classname="testClass.TestCases" name="selectHonda" time="5.165"/>
  <testcase classname="testClass.TestCases" name="selectHonda" time="9.090"/>
  <testcase classname="testClass.TestCases" name="showBikes" time="4.200"/>
  <testcase classname="testClass.TestCases" name="showBikes" time="4.210"/>
  <testcase classname="testClass.TestCases" name="fetchBikeDetails" time="7.376"/>
  <testcase classname="testClass.TestCases" name="fetchBikeDetails" time="7.494"/>
  <testcase classname="testClass.TestCases" name="moveToUsedCars" time="14.798"/>
  <testcase classname="testClass.TestCases" name="moveToUsedCars" time="52.884"/>
  <testcase classname="testClass.TestCases" name="findTopCars" time="3.232"/>
  <testcase classname="testClass.TestCases" name="findTopCars" time="3.209"/>
  <testcase classname="testClass.TestCases" name="fetchTopCars" time="0.274"/>
  <testcase classname="testClass.TestCases" name="fetchTopCars" time="0.232"/>
  <testcase classname="testClass.TestCases" name="backToHomePage" time="4.157"/>
  <testcase classname="testClass.TestCases" name="backToHomePage" time="3.424"/>
  <testcase classname="testClass.TestCases" name="logIn" time="5.445"/>
  <testcase classname="testClass.TestCases" name="logIn" time="6.543"/>
  <testcase classname="testClass.TestCases" name="invalidLogIn" time="11.751"/>
  <testcase classname="testClass.TestCases" name="invalidLogIn" time="11.625"/>
</testsuite> <!-- testClass.TestCases -->
