<?xml version="1.0" encoding="UTF-8"?>
<!-- Generated by org.testng.reporters.JUnitReportReporter -->
<testsuite hostname="LTIN188711" failures="0" tests="1" name="BaseClasses.BaseClass" time="0.016" errors="0" timestamp="2024-05-05T22:33:41 IST" skipped="0">
  <testcase classname="BaseClasses.BaseClass" name="test" time="0.016"/>
</testsuite> <!-- BaseClasses.BaseClass -->
